20160727 16:46:17.703418 69359 DEBUG EventLoop EventLoop created 0x7FEADCA2B970 in thread 69359 - EventLoop.cc:76
20160727 16:46:17.703419 69358 DEBUG EventLoop EventLoop created 0x7FEADD22C940 in thread 69358 - EventLoop.cc:76
20160727 16:46:17.703494 69359 DEBUG Connector ctor[0x7FEAC8000CB0] - Connector.cc:33
20160727 16:46:17.703499 69359 INFO  TcpClient::TcpClient[ClockClient] - connector 0x7FEAC8000CB0 - TcpClient.cc:71
20160727 16:46:17.703508 69359 INFO  TcpClient::connect[ClockClient] - connecting to 127.0.0.1:4321 - TcpClient.cc:109
20160727 16:46:17.705389 69359 DEBUG TcpConnection TcpConnection::ctor[ClockClient:127.0.0.1:4321#1] at 0x7FEAC8000FA0 fd=10 - TcpConnection.cc:63
20160727 16:46:17.705945 69358 INFO  TcpServer::newConnection [ClockServer] - new connection [ClockServer-0.0.0.0:4321#1] from 127.0.0.1:48139 - TcpServer.cc:84
20160727 16:46:17.705959 69358 DEBUG TcpConnection TcpConnection::ctor[ClockServer-0.0.0.0:4321#1] at 0x7FEAD0000ED0 fd=13 - TcpConnection.cc:63
20160727 16:46:17.905431 69359 INFO  round trip 274 clock error 15 - test1.cpp:102
20160727 16:46:18.105502 69359 INFO  round trip 213 clock error 9 - test1.cpp:102
20160727 16:46:18.307693 69359 INFO  round trip 2187 clock error 332 - test1.cpp:102
20160727 16:46:18.505808 69359 INFO  round trip 221 clock error 12 - test1.cpp:102
20160727 16:46:18.706008 69359 INFO  round trip 222 clock error 12 - test1.cpp:102
20160727 16:46:18.906247 69359 INFO  round trip 249 clock error 23 - test1.cpp:102
20160727 16:46:19.106634 69359 INFO  round trip 163 clock error 12 - test1.cpp:102
20160727 16:46:19.307643 69359 INFO  round trip 218 clock error 10 - test1.cpp:102
20160727 16:46:19.508360 69359 INFO  round trip 194 clock error -3 - test1.cpp:102
20160727 16:46:19.709084 69359 INFO  round trip 223 clock error 13 - test1.cpp:102
20160727 16:46:19.909744 69359 INFO  round trip 212 clock error 25 - test1.cpp:102
20160727 16:46:20.110137 69359 INFO  round trip 209 clock error 12 - test1.cpp:102
20160727 16:46:20.311051 69359 INFO  round trip 220 clock error 11 - test1.cpp:102
20160727 16:46:20.512248 69359 INFO  round trip 797 clock error -33 - test1.cpp:102
20160727 16:46:20.712565 69359 INFO  round trip 477 clock error 36 - test1.cpp:102
20160727 16:46:20.912726 69359 INFO  round trip 309 clock error 51 - test1.cpp:102
20160727 16:46:21.113407 69359 INFO  round trip 218 clock error 10 - test1.cpp:102
20160727 16:46:21.314719 69359 INFO  round trip 174 clock error 15 - test1.cpp:102
20160727 16:46:21.515520 69359 INFO  round trip 204 clock error 20 - test1.cpp:102
20160727 16:46:21.716012 69359 INFO  round trip 238 clock error 18 - test1.cpp:102
20160727 16:46:21.916704 69359 INFO  round trip 228 clock error 15 - test1.cpp:102
20160727 16:46:22.116820 69359 INFO  round trip 209 clock error 40 - test1.cpp:102
20160727 16:46:22.317559 69359 INFO  round trip 220 clock error 10 - test1.cpp:102
20160727 16:46:22.518212 69359 INFO  round trip 229 clock error 13 - test1.cpp:102
20160727 16:46:22.718735 69359 INFO  round trip 221 clock error 12 - test1.cpp:102
20160727 16:46:22.919310 69359 INFO  round trip 177 clock error 16 - test1.cpp:102
20160727 16:46:23.119622 69359 INFO  round trip 182 clock error 20 - test1.cpp:102
20160727 16:46:23.320627 69359 INFO  round trip 208 clock error 36 - test1.cpp:102
20160727 16:46:23.521056 69359 INFO  round trip 236 clock error 17 - test1.cpp:102
20160727 16:46:23.721861 69359 INFO  round trip 214 clock error 8 - test1.cpp:102
20160727 16:46:23.922344 69359 INFO  round trip 228 clock error 26 - test1.cpp:102
20160727 16:46:24.122608 69359 INFO  round trip 180 clock error 19 - test1.cpp:102
20160727 16:46:24.323739 69359 INFO  round trip 1033 clock error 70 - test1.cpp:102
20160727 16:46:24.523055 69359 INFO  round trip 244 clock error 16 - test1.cpp:102
20160727 16:46:24.723167 69359 INFO  round trip 240 clock error 17 - test1.cpp:102
20160727 16:46:24.923448 69359 INFO  round trip 291 clock error 49 - test1.cpp:102
20160727 16:46:25.124506 69359 INFO  round trip 212 clock error 8 - test1.cpp:102
20160727 16:46:25.324667 69359 INFO  round trip 243 clock error 23 - test1.cpp:102
20160727 16:46:25.529122 69359 INFO  round trip 3591 clock error 880 - test1.cpp:102
20160727 16:46:25.726023 69359 INFO  round trip 324 clock error 55 - test1.cpp:102
20160727 16:46:25.926138 69359 INFO  round trip 223 clock error 13 - test1.cpp:102
20160727 16:46:26.126287 69359 INFO  round trip 222 clock error 12 - test1.cpp:102
20160727 16:46:26.326529 69359 INFO  round trip 318 clock error 30 - test1.cpp:102
20160727 16:46:26.526591 69359 INFO  round trip 219 clock error 25 - test1.cpp:102
20160727 16:46:26.726776 69359 INFO  round trip 223 clock error 13 - test1.cpp:102
20160727 16:46:26.926896 69359 INFO  round trip 220 clock error 11 - test1.cpp:102
20160727 16:46:27.127075 69359 INFO  round trip 207 clock error 20 - test1.cpp:102
20160727 16:46:27.327198 69359 INFO  round trip 191 clock error 12 - test1.cpp:102
20160727 16:46:27.527546 69359 INFO  round trip 261 clock error 38 - test1.cpp:102
20160727 16:46:27.727619 69359 INFO  round trip 195 clock error 22 - test1.cpp:102
20160727 16:46:27.927740 69359 INFO  round trip 195 clock error 22 - test1.cpp:102
20160727 16:46:28.127887 69359 INFO  round trip 169 clock error 36 - test1.cpp:102
20160727 16:46:28.328043 69359 INFO  round trip 181 clock error 21 - test1.cpp:102
20160727 16:46:28.529363 69359 INFO  round trip 1293 clock error -309 - test1.cpp:102
20160727 16:46:28.728346 69359 INFO  round trip 182 clock error 18 - test1.cpp:102
20160727 16:46:28.928580 69359 INFO  round trip 221 clock error 12 - test1.cpp:102
20160727 16:46:29.128729 69359 INFO  round trip 220 clock error 12 - test1.cpp:102
20160727 16:46:29.329740 69359 INFO  round trip 167 clock error 15 - test1.cpp:102
20160727 16:46:29.530059 69359 INFO  round trip 239 clock error 1 - test1.cpp:102
20160727 16:46:29.731254 69359 INFO  round trip 393 clock error -84 - test1.cpp:102
20160727 16:46:29.931297 69359 INFO  round trip 253 clock error 26 - test1.cpp:102
20160727 16:46:30.131859 69359 INFO  round trip 234 clock error 14 - test1.cpp:102
20160727 16:46:30.332576 69359 INFO  round trip 212 clock error 8 - test1.cpp:102
20160727 16:46:30.532769 69359 INFO  round trip 221 clock error 14 - test1.cpp:102
20160727 16:46:30.732933 69359 INFO  round trip 216 clock error 11 - test1.cpp:102
20160727 16:46:30.933015 69359 INFO  round trip 173 clock error 16 - test1.cpp:102
20160727 16:46:31.133309 69359 INFO  round trip 218 clock error 11 - test1.cpp:102
20160727 16:46:31.333554 69359 INFO  round trip 220 clock error 12 - test1.cpp:102
20160727 16:46:31.533666 69359 INFO  round trip 221 clock error 12 - test1.cpp:102
20160727 16:46:31.733835 69359 INFO  round trip 218 clock error 10 - test1.cpp:102
20160727 16:46:31.934019 69359 INFO  round trip 222 clock error 14 - test1.cpp:102
20160727 16:46:32.135068 69359 INFO  round trip 193 clock error 29 - test1.cpp:102
20160727 16:46:32.335332 69359 INFO  round trip 232 clock error 18 - test1.cpp:102
20160727 16:46:32.535464 69359 INFO  round trip 230 clock error 17 - test1.cpp:102
20160727 16:46:32.735654 69359 INFO  round trip 219 clock error 12 - test1.cpp:102
20160727 16:46:32.935799 69359 INFO  round trip 219 clock error 13 - test1.cpp:102
20160727 16:46:33.135935 69359 INFO  round trip 218 clock error 12 - test1.cpp:102
20160727 16:46:33.336352 69359 INFO  round trip 494 clock error 120 - test1.cpp:102
20160727 16:46:33.536293 69359 INFO  round trip 224 clock error 11 - test1.cpp:102
20160727 16:46:33.736393 69359 INFO  round trip 222 clock error 11 - test1.cpp:102
20160727 16:46:33.936676 69359 INFO  round trip 223 clock error 14 - test1.cpp:102
20160727 16:46:34.136838 69359 INFO  round trip 221 clock error 12 - test1.cpp:102
20160727 16:46:34.338730 69359 INFO  round trip 1970 clock error 660 - test1.cpp:102
20160727 16:46:34.538076 69359 INFO  round trip 1157 clock error 422 - test1.cpp:102
20160727 16:46:34.738260 69359 INFO  round trip 244 clock error 20 - test1.cpp:102
20160727 16:46:34.938410 69359 INFO  round trip 231 clock error 16 - test1.cpp:102
20160727 16:46:35.139743 69359 INFO  round trip 1468 clock error 380 - test1.cpp:102
20160727 16:46:35.339236 69359 INFO  round trip 299 clock error -5 - test1.cpp:102
20160727 16:46:35.539810 69359 INFO  round trip 215 clock error 9 - test1.cpp:102
20160727 16:46:35.741529 69359 INFO  round trip 1671 clock error -383 - test1.cpp:102
20160727 16:46:35.940594 69359 INFO  round trip 187 clock error 17 - test1.cpp:102
20160727 16:46:36.140866 69359 INFO  round trip 219 clock error 12 - test1.cpp:102
20160727 16:46:36.341000 69359 INFO  round trip 222 clock error 12 - test1.cpp:102
20160727 16:46:36.543353 69359 INFO  round trip 2103 clock error 976 - test1.cpp:102
20160727 16:46:36.741614 69359 INFO  round trip 211 clock error 38 - test1.cpp:102
20160727 16:46:36.941732 69359 INFO  round trip 209 clock error 16 - test1.cpp:102
20160727 16:46:37.141943 69359 INFO  round trip 221 clock error 14 - test1.cpp:102
20160727 16:46:37.342071 69359 INFO  round trip 217 clock error 27 - test1.cpp:102
20160727 16:46:37.542323 69359 INFO  round trip 218 clock error 11 - test1.cpp:102
20160727 16:46:37.742423 69359 INFO  round trip 222 clock error 20 - test1.cpp:102
20160727 16:46:37.942673 69359 INFO  round trip 203 clock error 26 - test1.cpp:102
20160727 16:46:38.142841 69359 INFO  round trip 206 clock error 26 - test1.cpp:102
20160727 16:46:38.342996 69359 INFO  round trip 193 clock error 21 - test1.cpp:102
20160727 16:46:38.544384 69359 INFO  round trip 368 clock error 64 - test1.cpp:102
20160727 16:46:38.745280 69359 INFO  round trip 207 clock error 16 - test1.cpp:102
20160727 16:46:38.945530 69359 INFO  round trip 219 clock error 13 - test1.cpp:102
20160727 16:46:39.145607 69359 INFO  round trip 189 clock error 22 - test1.cpp:102
20160727 16:46:39.345782 69359 INFO  round trip 218 clock error 10 - test1.cpp:102
20160727 16:46:39.545901 69359 INFO  round trip 203 clock error 28 - test1.cpp:102
20160727 16:46:39.746045 69359 INFO  round trip 203 clock error 24 - test1.cpp:102
20160727 16:46:39.946339 69359 INFO  round trip 238 clock error 39 - test1.cpp:102
20160727 16:46:40.146433 69359 INFO  round trip 234 clock error 27 - test1.cpp:102
20160727 16:46:40.346719 69359 INFO  round trip 242 clock error 18 - test1.cpp:102
20160727 16:46:40.547844 69359 INFO  round trip 166 clock error 14 - test1.cpp:102
20160727 16:46:40.748952 69359 INFO  round trip 170 clock error 14 - test1.cpp:102
20160727 16:46:40.950708 69359 INFO  round trip 1657 clock error 577 - test1.cpp:102
20160727 16:46:41.150320 69359 INFO  round trip 200 clock error 17 - test1.cpp:102
20160727 16:46:41.350652 69359 INFO  round trip 396 clock error -25 - test1.cpp:102
20160727 16:46:41.551040 69359 INFO  round trip 215 clock error 8 - test1.cpp:102
20160727 16:46:41.751168 69359 INFO  round trip 212 clock error 13 - test1.cpp:102
20160727 16:46:41.951337 69359 INFO  round trip 218 clock error 10 - test1.cpp:102
20160727 16:46:42.151505 69359 INFO  round trip 206 clock error 1 - test1.cpp:102
20160727 16:46:42.351656 69359 INFO  round trip 210 clock error 15 - test1.cpp:102
20160727 16:46:42.552097 69359 INFO  round trip 175 clock error 19 - test1.cpp:102
20160727 16:46:42.753124 69359 INFO  round trip 209 clock error 17 - test1.cpp:102
20160727 16:46:42.953358 69359 INFO  round trip 218 clock error 12 - test1.cpp:102
20160727 16:46:43.154455 69359 INFO  round trip 232 clock error 25 - test1.cpp:102
20160727 16:46:43.354763 69359 INFO  round trip 210 clock error 6 - test1.cpp:102
20160727 16:46:43.555885 69359 INFO  round trip 218 clock error 11 - test1.cpp:102
20160727 16:46:43.756028 69359 INFO  round trip 221 clock error 13 - test1.cpp:102
20160727 16:46:43.956216 69359 INFO  round trip 237 clock error 19 - test1.cpp:102
20160727 16:46:44.157281 69359 INFO  round trip 223 clock error 17 - test1.cpp:102
20160727 16:46:44.357520 69359 INFO  round trip 220 clock error 13 - test1.cpp:102
20160727 16:46:44.559693 69359 INFO  round trip 176 clock error 12 - test1.cpp:102
20160727 16:46:44.760845 69359 INFO  round trip 221 clock error 11 - test1.cpp:102
20160727 16:46:44.961877 69359 INFO  round trip 166 clock error 11 - test1.cpp:102
20160727 16:46:45.165775 69359 INFO  round trip 3344 clock error 886 - test1.cpp:102
20160727 16:46:45.363214 69359 INFO  round trip 224 clock error 7 - test1.cpp:102
20160727 16:46:45.563585 69359 INFO  round trip 236 clock error 12 - test1.cpp:102
20160727 16:46:45.764626 69359 INFO  round trip 191 clock error 20 - test1.cpp:102
20160727 16:46:45.964880 69359 INFO  round trip 223 clock error 19 - test1.cpp:102
20160727 16:46:46.166003 69359 INFO  round trip 208 clock error 15 - test1.cpp:102
20160727 16:46:46.366318 69359 INFO  round trip 168 clock error 12 - test1.cpp:102
20160727 16:46:46.567335 69359 INFO  round trip 224 clock error 14 - test1.cpp:102
20160727 16:46:46.767435 69359 INFO  round trip 219 clock error 11 - test1.cpp:102
20160727 16:46:46.967793 69359 INFO  round trip 186 clock error 20 - test1.cpp:102
20160727 16:46:47.168762 69359 INFO  round trip 264 clock error 56 - test1.cpp:102
20160727 16:46:47.369673 69359 INFO  round trip 610 clock error 6 - test1.cpp:102
20160727 16:46:47.570149 69359 INFO  round trip 311 clock error 33 - test1.cpp:102
20160727 16:46:47.770283 69359 INFO  round trip 260 clock error 21 - test1.cpp:102
20160727 16:46:47.970309 69359 INFO  round trip 175 clock error 17 - test1.cpp:102
20160727 16:46:48.171523 69359 INFO  round trip 1191 clock error -110 - test1.cpp:102
20160727 16:46:48.370649 69359 INFO  round trip 217 clock error 12 - test1.cpp:102
20160727 16:46:48.570743 69359 INFO  round trip 213 clock error -11 - test1.cpp:102
20160727 16:46:48.770947 69359 INFO  round trip 182 clock error 20 - test1.cpp:102
20160727 16:46:48.971075 69359 INFO  round trip 209 clock error 3 - test1.cpp:102
20160727 16:46:49.171320 69359 INFO  round trip 163 clock error 12 - test1.cpp:102
20160727 16:46:49.371486 69359 INFO  round trip 240 clock error 16 - test1.cpp:102
20160727 16:46:49.571622 69359 INFO  round trip 209 clock error 31 - test1.cpp:102
20160727 16:46:49.771745 69359 INFO  round trip 188 clock error 8 - test1.cpp:102
20160727 16:46:49.972015 69359 INFO  round trip 220 clock error 12 - test1.cpp:102
20160727 16:46:50.172169 69359 INFO  round trip 222 clock error 12 - test1.cpp:102
20160727 16:46:50.373492 69359 INFO  round trip 1317 clock error 381 - test1.cpp:102
20160727 16:46:50.572541 69359 INFO  round trip 225 clock error 13 - test1.cpp:102
20160727 16:46:50.772823 69359 INFO  round trip 246 clock error 26 - test1.cpp:102
20160727 16:46:50.973960 69359 INFO  round trip 294 clock error 15 - test1.cpp:102
20160727 16:46:51.174108 69359 INFO  round trip 229 clock error 8 - test1.cpp:102
20160727 16:46:51.374298 69359 INFO  round trip 238 clock error 13 - test1.cpp:102
20160727 16:46:51.574523 69359 INFO  round trip 218 clock error 9 - test1.cpp:102
20160727 16:46:51.774651 69359 INFO  round trip 219 clock error 11 - test1.cpp:102
20160727 16:46:51.974963 69359 INFO  round trip 364 clock error 77 - test1.cpp:102
20160727 16:46:52.175554 69359 INFO  round trip 208 clock error 14 - test1.cpp:102
20160727 16:46:52.375760 69359 INFO  round trip 222 clock error 12 - test1.cpp:102
20160727 16:46:52.577460 69359 INFO  round trip 1217 clock error 460 - test1.cpp:102
20160727 16:46:52.777074 69359 INFO  round trip 178 clock error 19 - test1.cpp:102
20160727 16:46:52.977324 69359 INFO  round trip 229 clock error 27 - test1.cpp:102
20160727 16:46:53.177487 69359 INFO  round trip 228 clock error 29 - test1.cpp:102
20160727 16:46:53.377747 69359 INFO  round trip 246 clock error 23 - test1.cpp:102
20160727 16:46:53.577811 69359 INFO  round trip 215 clock error 20 - test1.cpp:102
20160727 16:46:53.778104 69359 INFO  round trip 271 clock error 49 - test1.cpp:102
20160727 16:46:53.978143 69359 INFO  round trip 182 clock error 20 - test1.cpp:102
20160727 16:46:54.179080 69359 INFO  round trip 504 clock error -14 - test1.cpp:102
20160727 16:46:54.379583 69359 INFO  round trip 237 clock error 15 - test1.cpp:102
20160727 16:46:54.579790 69359 INFO  round trip 243 clock error 19 - test1.cpp:102
20160727 16:46:54.780066 69359 INFO  round trip 427 clock error 54 - test1.cpp:102
20160727 16:46:54.980080 69359 INFO  round trip 240 clock error 13 - test1.cpp:102
20160727 16:46:55.180210 69359 INFO  round trip 238 clock error 31 - test1.cpp:102
20160727 16:46:55.380267 69359 INFO  round trip 180 clock error 19 - test1.cpp:102
20160727 16:46:55.580519 69359 INFO  round trip 182 clock error 17 - test1.cpp:102
20160727 16:46:55.780655 69359 INFO  round trip 181 clock error 21 - test1.cpp:102
20160727 16:46:55.981072 69359 INFO  round trip 217 clock error 20 - test1.cpp:102
20160727 16:46:56.182942 69359 INFO  round trip 1204 clock error 288 - test1.cpp:102
20160727 16:46:56.382128 69359 INFO  round trip 220 clock error 13 - test1.cpp:102
20160727 16:46:56.582347 69359 INFO  round trip 219 clock error 11 - test1.cpp:102
20160727 16:46:56.782433 69359 INFO  round trip 215 clock error 8 - test1.cpp:102
20160727 16:46:56.982659 69359 INFO  round trip 220 clock error 11 - test1.cpp:102
20160727 16:46:57.182820 69359 INFO  round trip 201 clock error 10 - test1.cpp:102
20160727 16:46:57.383174 69359 INFO  round trip 234 clock error 27 - test1.cpp:102
20160727 16:46:57.583308 69359 INFO  round trip 195 clock error 4 - test1.cpp:102
20160727 16:46:57.783613 69359 INFO  round trip 241 clock error 63 - test1.cpp:102
20160727 16:46:57.983664 69359 INFO  round trip 201 clock error 11 - test1.cpp:102
20160727 16:46:58.183952 69359 INFO  round trip 220 clock error 13 - test1.cpp:102
20160727 16:46:58.384017 69359 INFO  round trip 198 clock error 21 - test1.cpp:102
20160727 16:46:58.584318 69359 INFO  round trip 309 clock error -8 - test1.cpp:102
20160727 16:46:58.784354 69359 INFO  round trip 214 clock error 9 - test1.cpp:102
20160727 16:46:58.984451 69359 INFO  round trip 214 clock error 21 - test1.cpp:102
20160727 16:46:59.184672 69359 INFO  round trip 188 clock error 23 - test1.cpp:102
20160727 16:46:59.384806 69359 INFO  round trip 184 clock error 24 - test1.cpp:102
20160727 16:46:59.585053 69359 INFO  round trip 209 clock error 16 - test1.cpp:102
20160727 16:46:59.785180 69359 INFO  round trip 217 clock error 27 - test1.cpp:102
20160727 16:46:59.985722 69359 INFO  round trip 164 clock error 11 - test1.cpp:102
20160727 16:47:00.186591 69359 INFO  round trip 219 clock error 10 - test1.cpp:102
20160727 16:47:00.386680 69359 INFO  round trip 214 clock error 1 - test1.cpp:102
20160727 16:47:00.586839 69359 INFO  round trip 176 clock error 16 - test1.cpp:102
20160727 16:47:00.787077 69359 INFO  round trip 223 clock error 13 - test1.cpp:102
20160727 16:47:00.987185 69359 INFO  round trip 237 clock error 31 - test1.cpp:102
20160727 16:47:01.187223 69359 INFO  round trip 173 clock error 15 - test1.cpp:102
20160727 16:47:01.387697 69359 INFO  round trip 407 clock error 23 - test1.cpp:102
20160727 16:47:01.587694 69359 INFO  round trip 222 clock error 12 - test1.cpp:102
20160727 16:47:01.787775 69359 INFO  round trip 222 clock error 13 - test1.cpp:102
20160727 16:47:01.987989 69359 INFO  round trip 221 clock error 12 - test1.cpp:102
20160727 16:47:02.189023 69359 INFO  round trip 192 clock error 17 - test1.cpp:102
20160727 16:47:02.389256 69359 INFO  round trip 246 clock error 23 - test1.cpp:102
20160727 16:47:02.589393 69359 INFO  round trip 260 clock error 32 - test1.cpp:102
20160727 16:47:02.793450 69359 INFO  round trip 3945 clock error 1573 - test1.cpp:102
20160727 16:47:02.990317 69359 INFO  round trip 633 clock error 242 - test1.cpp:102
20160727 16:47:03.190782 69359 INFO  round trip 185 clock error 22 - test1.cpp:102
20160727 16:47:03.391041 69359 INFO  round trip 212 clock error 13 - test1.cpp:102
20160727 16:47:03.594550 69359 INFO  round trip 3407 clock error 293 - test1.cpp:102
20160727 16:47:03.792352 69359 INFO  round trip 182 clock error 18 - test1.cpp:102
20160727 16:47:03.992477 69359 INFO  round trip 176 clock error 16 - test1.cpp:102
20160727 16:47:04.192601 69359 INFO  round trip 175 clock error 17 - test1.cpp:102
20160727 16:47:04.393425 69359 INFO  round trip 264 clock error -20 - test1.cpp:102
20160727 16:47:04.593616 69359 INFO  round trip 213 clock error 16 - test1.cpp:102
20160727 16:47:04.793843 69359 INFO  round trip 226 clock error 16 - test1.cpp:102
20160727 16:47:04.994535 69359 INFO  round trip 762 clock error 11 - test1.cpp:102
20160727 16:47:05.194311 69359 INFO  round trip 243 clock error 15 - test1.cpp:102
20160727 16:47:05.394529 69359 INFO  round trip 233 clock error 15 - test1.cpp:102
20160727 16:47:05.594665 69359 INFO  round trip 235 clock error 15 - test1.cpp:102
20160727 16:47:05.794813 69359 INFO  round trip 198 clock error 25 - test1.cpp:102
20160727 16:47:05.995036 69359 INFO  round trip 188 clock error 23 - test1.cpp:102
20160727 16:47:06.195168 69359 INFO  round trip 221 clock error 21 - test1.cpp:102
20160727 16:47:06.395335 69359 INFO  round trip 221 clock error 12 - test1.cpp:102
20160727 16:47:06.595357 69359 INFO  round trip 174 clock error 18 - test1.cpp:102
20160727 16:47:06.795600 69359 INFO  round trip 221 clock error 12 - test1.cpp:102
20160727 16:47:06.995716 69359 INFO  round trip 211 clock error 15 - test1.cpp:102
20160727 16:47:07.195857 69359 INFO  round trip 208 clock error 15 - test1.cpp:102
20160727 16:47:07.396022 69359 INFO  round trip 221 clock error 12 - test1.cpp:102
20160727 16:47:07.596236 69359 INFO  round trip 219 clock error 26 - test1.cpp:102
20160727 16:47:07.796289 69359 INFO  round trip 181 clock error 22 - test1.cpp:102
20160727 16:47:07.996454 69359 INFO  round trip 189 clock error 25 - test1.cpp:102
20160727 16:47:08.196669 69359 INFO  round trip 222 clock error 12 - test1.cpp:102
20160727 16:47:08.396810 69359 INFO  round trip 219 clock error 13 - test1.cpp:102
20160727 16:47:08.597081 69359 INFO  round trip 222 clock error 11 - test1.cpp:102
20160727 16:47:08.797163 69359 INFO  round trip 188 clock error 20 - test1.cpp:102
20160727 16:47:08.997757 69359 INFO  round trip 215 clock error 7 - test1.cpp:102
20160727 16:47:09.198551 69359 INFO  round trip 210 clock error 7 - test1.cpp:102
20160727 16:47:09.399604 69359 INFO  round trip 1171 clock error 337 - test1.cpp:102
20160727 16:47:09.598801 69359 INFO  round trip 238 clock error 38 - test1.cpp:102
20160727 16:47:09.798922 69359 INFO  round trip 219 clock error 11 - test1.cpp:102
20160727 16:47:09.999059 69359 INFO  round trip 222 clock error 11 - test1.cpp:102
20160727 16:47:10.199195 69359 INFO  round trip 224 clock error 26 - test1.cpp:102
20160727 16:47:10.399619 69359 INFO  round trip 423 clock error -113 - test1.cpp:102
20160727 16:47:10.600102 69359 INFO  round trip 584 clock error -64 - test1.cpp:102
20160727 16:47:10.799654 69359 INFO  round trip 213 clock error 22 - test1.cpp:102
20160727 16:47:10.999701 69359 INFO  round trip 175 clock error 18 - test1.cpp:102
20160727 16:47:11.199996 69359 INFO  round trip 263 clock error 30 - test1.cpp:102
20160727 16:47:11.400279 69359 INFO  round trip 238 clock error 13 - test1.cpp:102
20160727 16:47:11.601287 69359 INFO  round trip 231 clock error 14 - test1.cpp:102
20160727 16:47:11.801347 69359 INFO  round trip 171 clock error 17 - test1.cpp:102
20160727 16:47:12.001611 69359 INFO  round trip 220 clock error 10 - test1.cpp:102
20160727 16:47:12.201636 69359 INFO  round trip 175 clock error 18 - test1.cpp:102
20160727 16:47:12.401842 69359 INFO  round trip 211 clock error 7 - test1.cpp:102
20160727 16:47:12.602087 69359 INFO  round trip 234 clock error 37 - test1.cpp:102
20160727 16:47:12.802182 69359 INFO  round trip 224 clock error 12 - test1.cpp:102
20160727 16:47:13.002321 69359 INFO  round trip 219 clock error 13 - test1.cpp:102
20160727 16:47:13.203332 69359 INFO  round trip 173 clock error 8 - test1.cpp:102
20160727 16:47:13.403486 69359 INFO  round trip 175 clock error 16 - test1.cpp:102
20160727 16:47:13.603859 69359 INFO  round trip 349 clock error 62 - test1.cpp:102
20160727 16:47:13.806367 69359 INFO  round trip 1989 clock error 665 - test1.cpp:102
20160727 16:47:14.005009 69359 INFO  round trip 222 clock error 12 - test1.cpp:102
20160727 16:47:14.205249 69359 INFO  round trip 179 clock error 21 - test1.cpp:102
20160727 16:47:14.406242 69359 INFO  round trip 202 clock error 28 - test1.cpp:102
20160727 16:47:14.606372 69359 INFO  round trip 189 clock error -8 - test1.cpp:102
20160727 16:47:14.806835 69359 INFO  round trip 420 clock error 116 - test1.cpp:102
20160727 16:47:15.007005 69359 INFO  round trip 172 clock error 16 - test1.cpp:102
20160727 16:47:15.207294 69359 INFO  round trip 218 clock error 26 - test1.cpp:102
20160727 16:47:15.408437 69359 INFO  round trip 220 clock error 11 - test1.cpp:102
20160727 16:47:15.608583 69359 INFO  round trip 222 clock error 12 - test1.cpp:102
20160727 16:47:15.808737 69359 INFO  round trip 232 clock error 15 - test1.cpp:102
20160727 16:47:16.008965 69359 INFO  round trip 239 clock error 18 - test1.cpp:102
20160727 16:47:16.209070 69359 INFO  round trip 224 clock error 14 - test1.cpp:102
20160727 16:47:16.409276 69359 INFO  round trip 255 clock error 36 - test1.cpp:102
20160727 16:47:16.609432 69359 INFO  round trip 235 clock error 15 - test1.cpp:102
20160727 16:47:16.811457 69359 INFO  round trip 1795 clock error -238 - test1.cpp:102
20160727 16:47:17.010059 69359 INFO  round trip 187 clock error 23 - test1.cpp:102
20160727 16:47:17.210261 69359 INFO  round trip 225 clock error 13 - test1.cpp:102
20160727 16:47:17.411054 69359 INFO  round trip 219 clock error 9 - test1.cpp:102
20160727 16:47:17.611246 69359 INFO  round trip 229 clock error 15 - test1.cpp:102
20160727 16:47:17.811385 69359 INFO  round trip 223 clock error 12 - test1.cpp:102
20160727 16:47:18.011518 69359 INFO  round trip 221 clock error 12 - test1.cpp:102
20160727 16:47:18.211860 69359 INFO  round trip 220 clock error 10 - test1.cpp:102
20160727 16:47:18.412033 69359 INFO  round trip 231 clock error 17 - test1.cpp:102
20160727 16:47:18.613122 69359 INFO  round trip 872 clock error 337 - test1.cpp:102
20160727 16:47:18.813247 69359 INFO  round trip 222 clock error 9 - test1.cpp:102
20160727 16:47:19.013288 69359 INFO  round trip 167 clock error 13 - test1.cpp:102
20160727 16:47:19.214757 69359 INFO  round trip 711 clock error -231 - test1.cpp:102
20160727 16:47:19.413698 69359 INFO  round trip 221 clock error 13 - test1.cpp:102
20160727 16:47:19.613847 69359 INFO  round trip 223 clock error 12 - test1.cpp:102
20160727 16:47:19.813993 69359 INFO  round trip 213 clock error 17 - test1.cpp:102
20160727 16:47:20.014210 69359 INFO  round trip 228 clock error 25 - test1.cpp:102
20160727 16:47:20.214343 69359 INFO  round trip 221 clock error 12 - test1.cpp:102
20160727 16:47:20.417017 69359 INFO  round trip 2242 clock error 817 - test1.cpp:102
20160727 16:47:20.615666 69359 INFO  round trip 224 clock error 13 - test1.cpp:102
20160727 16:47:20.815783 69359 INFO  round trip 223 clock error 13 - test1.cpp:102
20160727 16:47:21.015932 69359 INFO  round trip 221 clock error 12 - test1.cpp:102
20160727 16:47:21.216979 69359 INFO  round trip 208 clock error 6 - test1.cpp:102
20160727 16:47:21.417171 69359 INFO  round trip 231 clock error 26 - test1.cpp:102
20160727 16:47:21.617385 69359 INFO  round trip 209 clock error 14 - test1.cpp:102
20160727 16:47:21.817608 69359 INFO  round trip 221 clock error 14 - test1.cpp:102
20160727 16:47:22.017769 69359 INFO  round trip 205 clock error 12 - test1.cpp:102
20160727 16:47:22.218213 69359 INFO  round trip 426 clock error 134 - test1.cpp:102
20160727 16:47:22.418113 69359 INFO  round trip 224 clock error 12 - test1.cpp:102
20160727 16:47:22.618333 69359 INFO  round trip 335 clock error 13 - test1.cpp:102
20160727 16:47:22.818430 69359 INFO  round trip 219 clock error 11 - test1.cpp:102
20160727 16:47:23.018578 69359 INFO  round trip 219 clock error 13 - test1.cpp:102
20160727 16:47:23.218856 69359 INFO  round trip 302 clock error 2 - test1.cpp:102
20160727 16:47:23.418930 69359 INFO  round trip 307 clock error 68 - test1.cpp:102
20160727 16:47:23.619152 69359 INFO  round trip 234 clock error 14 - test1.cpp:102
20160727 16:47:23.819365 69359 INFO  round trip 239 clock error 22 - test1.cpp:102
20160727 16:47:24.019456 69359 INFO  round trip 218 clock error 9 - test1.cpp:102
20160727 16:47:24.219437 69359 INFO  round trip 151 clock error 8 - test1.cpp:102
20160727 16:47:24.419663 69359 INFO  round trip 179 clock error -7 - test1.cpp:102
20160727 16:47:24.619848 69359 INFO  round trip 188 clock error 20 - test1.cpp:102
20160727 16:47:24.820073 69359 INFO  round trip 217 clock error 27 - test1.cpp:102
20160727 16:47:25.020151 69359 INFO  round trip 170 clock error 12 - test1.cpp:102
20160727 16:47:25.220374 69359 INFO  round trip 221 clock error 11 - test1.cpp:102
20160727 16:47:25.420744 69359 INFO  round trip 175 clock error 15 - test1.cpp:102
20160727 16:47:25.620999 69359 INFO  round trip 220 clock error 11 - test1.cpp:102
20160727 16:47:25.821140 69359 INFO  round trip 240 clock error 21 - test1.cpp:102
20160727 16:47:26.021260 69359 INFO  round trip 234 clock error 13 - test1.cpp:102
20160727 16:47:26.221441 69359 INFO  round trip 220 clock error 10 - test1.cpp:102
20160727 16:47:26.421603 69359 INFO  round trip 232 clock error 16 - test1.cpp:102
20160727 16:47:26.621786 69359 INFO  round trip 174 clock error -16 - test1.cpp:102
20160727 16:47:26.825149 69359 INFO  round trip 247 clock error 12 - test1.cpp:102
20160727 16:47:27.025938 69359 INFO  round trip 177 clock error 20 - test1.cpp:102
20160727 16:47:27.226653 69359 INFO  round trip 523 clock error 164 - test1.cpp:102
20160727 16:47:27.427321 69359 INFO  round trip 216 clock error 12 - test1.cpp:102
20160727 16:47:27.627483 69359 INFO  round trip 221 clock error 14 - test1.cpp:102
20160727 16:47:27.829600 69359 INFO  round trip 1624 clock error 540 - test1.cpp:102
20160727 16:47:28.028318 69359 INFO  round trip 211 clock error 7 - test1.cpp:102
20160727 16:47:28.228513 69359 INFO  round trip 223 clock error 13 - test1.cpp:102
20160727 16:47:28.428657 69359 INFO  round trip 262 clock error 4 - test1.cpp:102
20160727 16:47:28.628833 69359 INFO  round trip 220 clock error 11 - test1.cpp:102
20160727 16:47:28.828909 69359 INFO  round trip 219 clock error 3 - test1.cpp:102
20160727 16:47:29.029165 69359 INFO  round trip 236 clock error 43 - test1.cpp:102
20160727 16:47:29.230975 69359 INFO  round trip 1874 clock error 369 - test1.cpp:102
20160727 16:47:29.430432 69359 INFO  round trip 228 clock error 9 - test1.cpp:102
20160727 16:47:29.630547 69359 INFO  round trip 209 clock error 21 - test1.cpp:102
20160727 16:47:29.830647 69359 INFO  round trip 215 clock error 19 - test1.cpp:102
20160727 16:47:30.030775 69359 INFO  round trip 179 clock error 17 - test1.cpp:102
20160727 16:47:30.231006 69359 INFO  round trip 221 clock error 12 - test1.cpp:102
20160727 16:47:30.431050 69359 INFO  round trip 179 clock error 18 - test1.cpp:102
20160727 16:47:30.631324 69359 INFO  round trip 228 clock error 26 - test1.cpp:102
20160727 16:47:30.833101 69359 INFO  round trip 859 clock error 330 - test1.cpp:102
20160727 16:47:31.032677 69359 INFO  round trip 222 clock error 13 - test1.cpp:102
20160727 16:47:31.232816 69359 INFO  round trip 225 clock error 10 - test1.cpp:102
20160727 16:47:31.433339 69359 INFO  round trip 669 clock error 25 - test1.cpp:102
20160727 16:47:31.633112 69359 INFO  round trip 194 clock error 6 - test1.cpp:102
20160727 16:47:31.833443 69359 INFO  round trip 217 clock error 12 - test1.cpp:102
20160727 16:47:32.034338 69359 INFO  round trip 189 clock error 19 - test1.cpp:102
20160727 16:47:32.234522 69359 INFO  round trip 235 clock error 18 - test1.cpp:102
20160727 16:47:32.434684 69359 INFO  round trip 220 clock error 11 - test1.cpp:102
20160727 16:47:32.634801 69359 INFO  round trip 221 clock error 11 - test1.cpp:102
20160727 16:47:32.836652 69359 INFO  round trip 1876 clock error 482 - test1.cpp:102
20160727 16:47:33.035110 69359 INFO  round trip 222 clock error 12 - test1.cpp:102
20160727 16:47:33.235274 69359 INFO  round trip 229 clock error 16 - test1.cpp:102
20160727 16:47:33.435350 69359 INFO  round trip 206 clock error 13 - test1.cpp:102
20160727 16:47:33.635794 69359 INFO  round trip 438 clock error 51 - test1.cpp:102
20160727 16:47:33.836585 69359 INFO  round trip 197 clock error -2 - test1.cpp:102
20160727 16:47:34.036872 69359 INFO  round trip 223 clock error 13 - test1.cpp:102
20160727 16:47:34.236988 69359 INFO  round trip 176 clock error 17 - test1.cpp:102
20160727 16:47:34.437200 69359 INFO  round trip 234 clock error 27 - test1.cpp:102
20160727 16:47:34.637210 69359 INFO  round trip 174 clock error 15 - test1.cpp:102
20160727 16:47:34.837380 69359 INFO  round trip 179 clock error 8 - test1.cpp:102
20160727 16:47:35.037619 69359 INFO  round trip 221 clock error 12 - test1.cpp:102
20160727 16:47:35.237705 69359 INFO  round trip 220 clock error 10 - test1.cpp:102
20160727 16:47:35.437893 69359 INFO  round trip 221 clock error 12 - test1.cpp:102
20160727 16:47:35.638040 69359 INFO  round trip 220 clock error 12 - test1.cpp:102
20160727 16:47:35.839084 69359 INFO  round trip 204 clock error 30 - test1.cpp:102
20160727 16:47:36.039385 69359 INFO  round trip 240 clock error 17 - test1.cpp:102
20160727 16:47:36.239502 69359 INFO  round trip 242 clock error 18 - test1.cpp:102
20160727 16:47:36.439637 69359 INFO  round trip 238 clock error 17 - test1.cpp:102
20160727 16:47:36.640628 69359 INFO  round trip 169 clock error 13 - test1.cpp:102
20160727 16:47:36.840880 69359 INFO  round trip 187 clock error 20 - test1.cpp:102
20160727 16:47:37.042040 69359 INFO  round trip 214 clock error 7 - test1.cpp:102
20160727 16:47:37.242183 69359 INFO  round trip 227 clock error 16 - test1.cpp:102
20160727 16:47:37.442330 69359 INFO  round trip 219 clock error 11 - test1.cpp:102
20160727 16:47:37.642463 69359 INFO  round trip 222 clock error 12 - test1.cpp:102
20160727 16:47:37.842605 69359 INFO  round trip 221 clock error 13 - test1.cpp:102
20160727 16:47:38.042812 69359 INFO  round trip 220 clock error 12 - test1.cpp:102
20160727 16:47:38.242807 69359 INFO  round trip 170 clock error 15 - test1.cpp:102
20160727 16:47:38.443091 69359 INFO  round trip 222 clock error 11 - test1.cpp:102
20160727 16:47:38.644487 69359 INFO  round trip 216 clock error 9 - test1.cpp:102
20160727 16:47:38.845329 69359 INFO  round trip 219 clock error 12 - test1.cpp:102
20160727 16:47:39.045408 69359 INFO  round trip 197 clock error 17 - test1.cpp:102
20160727 16:47:39.245752 69359 INFO  round trip 358 clock error 6 - test1.cpp:102
20160727 16:47:39.445782 69359 INFO  round trip 222 clock error 13 - test1.cpp:102
20160727 16:47:39.646063 69359 INFO  round trip 323 clock error 58 - test1.cpp:102
20160727 16:47:39.846068 69359 INFO  round trip 221 clock error 13 - test1.cpp:102
20160727 16:47:40.046808 69359 INFO  round trip 214 clock error 8 - test1.cpp:102
20160727 16:47:40.247172 69359 INFO  round trip 278 clock error 55 - test1.cpp:102
20160727 16:47:40.447237 69359 INFO  round trip 238 clock error 18 - test1.cpp:102
20160727 16:47:40.647382 69359 INFO  round trip 230 clock error 16 - test1.cpp:102
20160727 16:47:40.847519 69359 INFO  round trip 234 clock error 18 - test1.cpp:102
20160727 16:47:41.047587 69359 INFO  round trip 221 clock error 12 - test1.cpp:102
20160727 16:47:41.248049 69359 INFO  round trip 180 clock error 22 - test1.cpp:102
20160727 16:47:41.448926 69359 INFO  round trip 809 clock error 239 - test1.cpp:102
20160727 16:47:41.650153 69359 INFO  round trip 1722 clock error 78 - test1.cpp:102
20160727 16:47:41.849793 69359 INFO  round trip 319 clock error 12 - test1.cpp:102
20160727 16:47:42.049886 69359 INFO  round trip 223 clock error 11 - test1.cpp:102
20160727 16:47:42.250017 69359 INFO  round trip 219 clock error 11 - test1.cpp:102
20160727 16:47:42.450066 69359 INFO  round trip 172 clock error 17 - test1.cpp:102
20160727 16:47:42.650338 69359 INFO  round trip 219 clock error 12 - test1.cpp:102
20160727 16:47:42.850551 69359 INFO  round trip 267 clock error 33 - test1.cpp:102
20160727 16:47:43.050623 69359 INFO  round trip 179 clock error 20 - test1.cpp:102
20160727 16:47:43.250867 69359 INFO  round trip 213 clock error 36 - test1.cpp:102
20160727 16:47:43.451077 69359 INFO  round trip 293 clock error 53 - test1.cpp:102
20160727 16:47:43.651315 69359 INFO  round trip 272 clock error 22 - test1.cpp:102
20160727 16:47:43.852223 69359 INFO  round trip 171 clock error 13 - test1.cpp:102
20160727 16:47:44.052753 69359 INFO  round trip 482 clock error -88 - test1.cpp:102
20160727 16:47:44.252723 69359 INFO  round trip 221 clock error 12 - test1.cpp:102
20160727 16:47:44.453263 69359 INFO  round trip 252 clock error 25 - test1.cpp:102
20160727 16:47:44.654036 69359 INFO  round trip 234 clock error 16 - test1.cpp:102
20160727 16:47:44.854345 69359 INFO  round trip 397 clock error 106 - test1.cpp:102
20160727 16:47:45.054344 69359 INFO  round trip 237 clock error 18 - test1.cpp:102
20160727 16:47:45.254525 69359 INFO  round trip 221 clock error 11 - test1.cpp:102
20160727 16:47:45.454587 69359 INFO  round trip 213 clock error 1 - test1.cpp:102
20160727 16:47:45.654722 69359 INFO  round trip 212 clock error 23 - test1.cpp:102
20160727 16:47:45.854956 69359 INFO  round trip 225 clock error 28 - test1.cpp:102
20160727 16:47:46.056152 69359 INFO  round trip 337 clock error 7 - test1.cpp:102
20160727 16:47:46.256281 69359 INFO  round trip 318 clock error 54 - test1.cpp:102
20160727 16:47:46.456421 69359 INFO  round trip 221 clock error 12 - test1.cpp:102
20160727 16:47:46.656553 69359 INFO  round trip 221 clock error 13 - test1.cpp:102
20160727 16:47:46.856566 69359 INFO  round trip 176 clock error 17 - test1.cpp:102
20160727 16:47:47.057055 69359 INFO  round trip 281 clock error 29 - test1.cpp:102
20160727 16:47:47.257029 69359 INFO  round trip 173 clock error 16 - test1.cpp:102
20160727 16:47:47.457342 69359 INFO  round trip 220 clock error 11 - test1.cpp:102
20160727 16:47:47.657487 69359 INFO  round trip 222 clock error 12 - test1.cpp:102
20160727 16:47:47.857569 69359 INFO  round trip 212 clock error 7 - test1.cpp:102
20160727 16:47:48.058119 69359 INFO  round trip 221 clock error 11 - test1.cpp:102
20160727 16:47:48.259963 69359 INFO  round trip 1289 clock error 338 - test1.cpp:102
20160727 16:47:48.459409 69359 INFO  round trip 220 clock error 11 - test1.cpp:102
20160727 16:47:48.659561 69359 INFO  round trip 223 clock error 13 - test1.cpp:102
20160727 16:47:48.859778 69359 INFO  round trip 221 clock error 12 - test1.cpp:102
20160727 16:47:49.059839 69359 INFO  round trip 176 clock error 16 - test1.cpp:102
20160727 16:47:49.260092 69359 INFO  round trip 221 clock error 13 - test1.cpp:102
20160727 16:47:49.460353 69359 INFO  round trip 362 clock error 59 - test1.cpp:102
20160727 16:47:49.660376 69359 INFO  round trip 219 clock error 11 - test1.cpp:102
20160727 16:47:49.860490 69359 INFO  round trip 214 clock error 0 - test1.cpp:102
20160727 16:47:50.060599 69359 INFO  round trip 178 clock error 18 - test1.cpp:102
20160727 16:47:50.260834 69359 INFO  round trip 220 clock error 11 - test1.cpp:102
20160727 16:47:50.460923 69359 INFO  round trip 181 clock error 19 - test1.cpp:102
20160727 16:47:50.661183 69359 INFO  round trip 229 clock error 27 - test1.cpp:102
20160727 16:47:50.861260 69359 INFO  round trip 209 clock error 3 - test1.cpp:102
20160727 16:47:51.061488 69359 INFO  round trip 219 clock error 11 - test1.cpp:102
20160727 16:47:51.261643 69359 INFO  round trip 222 clock error 13 - test1.cpp:102
20160727 16:47:51.461663 69359 INFO  round trip 176 clock error 21 - test1.cpp:102
20160727 16:47:51.661920 69359 INFO  round trip 221 clock error 12 - test1.cpp:102
20160727 16:47:51.862024 69359 INFO  round trip 218 clock error 12 - test1.cpp:102
20160727 16:47:52.062128 69359 INFO  round trip 224 clock error 7 - test1.cpp:102
20160727 16:47:52.262359 69359 INFO  round trip 219 clock error 13 - test1.cpp:102
20160727 16:47:52.462490 69359 INFO  round trip 219 clock error 12 - test1.cpp:102
20160727 16:47:52.664183 69359 INFO  round trip 1644 clock error -428 - test1.cpp:102
20160727 16:47:52.863783 69359 INFO  round trip 219 clock error 10 - test1.cpp:102
20160727 16:47:53.064413 69359 INFO  round trip 240 clock error 24 - test1.cpp:102
20160727 16:47:53.264566 69359 INFO  round trip 230 clock error 17 - test1.cpp:102
20160727 16:47:53.464731 69359 INFO  round trip 215 clock error 26 - test1.cpp:102
20160727 16:47:53.664828 69359 INFO  round trip 174 clock error 17 - test1.cpp:102
20160727 16:47:53.865032 69359 INFO  round trip 219 clock error 11 - test1.cpp:102
20160727 16:47:54.065199 69359 INFO  round trip 245 clock error 14 - test1.cpp:102
20160727 16:47:54.266133 69359 INFO  round trip 209 clock error -1 - test1.cpp:102
20160727 16:47:54.467248 69359 INFO  round trip 1025 clock error 399 - test1.cpp:102
20160727 16:47:54.666749 69359 INFO  round trip 289 clock error 62 - test1.cpp:102
20160727 16:47:54.866776 69359 INFO  round trip 222 clock error 11 - test1.cpp:102
20160727 16:47:55.066895 69359 INFO  round trip 221 clock error 12 - test1.cpp:102
20160727 16:47:55.267102 69359 INFO  round trip 219 clock error 11 - test1.cpp:102
20160727 16:47:55.467255 69359 INFO  round trip 228 clock error 15 - test1.cpp:102
20160727 16:47:55.667386 69359 INFO  round trip 224 clock error 12 - test1.cpp:102
20160727 16:47:55.867488 69359 INFO  round trip 177 clock error 19 - test1.cpp:102
20160727 16:47:56.067746 69359 INFO  round trip 237 clock error 20 - test1.cpp:102
20160727 16:47:56.267904 69359 INFO  round trip 237 clock error 15 - test1.cpp:102
20160727 16:47:56.469110 69359 INFO  round trip 296 clock error 45 - test1.cpp:102
20160727 16:47:56.670011 69359 INFO  round trip 170 clock error 16 - test1.cpp:102
20160727 16:47:56.870287 69359 INFO  round trip 231 clock error 16 - test1.cpp:102
20160727 16:47:57.070375 69359 INFO  round trip 177 clock error 18 - test1.cpp:102
20160727 16:47:57.270770 69359 INFO  round trip 179 clock error 20 - test1.cpp:102
20160727 16:47:57.471725 69359 INFO  round trip 221 clock error 11 - test1.cpp:102
20160727 16:47:57.671859 69359 INFO  round trip 224 clock error 13 - test1.cpp:102
20160727 16:47:57.871944 69359 INFO  round trip 209 clock error 2 - test1.cpp:102
20160727 16:47:58.072038 69359 INFO  round trip 179 clock error 17 - test1.cpp:102
20160727 16:47:58.272292 69359 INFO  round trip 232 clock error 17 - test1.cpp:102
20160727 16:47:58.472429 69359 INFO  round trip 216 clock error 8 - test1.cpp:102
20160727 16:47:58.672576 69359 INFO  round trip 221 clock error 13 - test1.cpp:102
20160727 16:47:58.873601 69359 INFO  round trip 163 clock error 12 - test1.cpp:102
20160727 16:47:59.073856 69359 INFO  round trip 223 clock error 13 - test1.cpp:102
20160727 16:47:59.274068 69359 INFO  round trip 305 clock error 29 - test1.cpp:102
20160727 16:47:59.474278 69359 INFO  round trip 232 clock error 19 - test1.cpp:102
20160727 16:47:59.674866 69359 INFO  round trip 494 clock error -48 - test1.cpp:102
20160727 16:47:59.875618 69359 INFO  round trip 219 clock error 10 - test1.cpp:102
20160727 16:48:00.075720 69359 INFO  round trip 212 clock error 19 - test1.cpp:102
20160727 16:48:00.275834 69359 INFO  round trip 206 clock error 11 - test1.cpp:102
20160727 16:48:00.476907 69359 INFO  round trip 204 clock error -1 - test1.cpp:102
20160727 16:48:00.677150 69359 INFO  round trip 253 clock error 27 - test1.cpp:102
20160727 16:48:00.877320 69359 INFO  round trip 220 clock error 12 - test1.cpp:102
20160727 16:48:01.077351 69359 INFO  round trip 184 clock error 12 - test1.cpp:102
20160727 16:48:01.277606 69359 INFO  round trip 219 clock error 11 - test1.cpp:102
20160727 16:48:01.478632 69359 INFO  round trip 180 clock error 12 - test1.cpp:102
20160727 16:48:01.678784 69359 INFO  round trip 188 clock error 18 - test1.cpp:102
20160727 16:48:01.879032 69359 INFO  round trip 223 clock error 13 - test1.cpp:102
20160727 16:48:02.079232 69359 INFO  round trip 269 clock error 28 - test1.cpp:102
20160727 16:48:02.280179 69359 INFO  round trip 164 clock error 47 - test1.cpp:102
20160727 16:48:02.480626 69359 INFO  round trip 248 clock error 63 - test1.cpp:102
20160727 16:48:02.681673 69359 INFO  round trip 221 clock error 12 - test1.cpp:102
20160727 16:48:02.883434 69359 INFO  round trip 1803 clock error 525 - test1.cpp:102
20160727 16:48:03.083088 69359 INFO  round trip 175 clock error 18 - test1.cpp:102
20160727 16:48:03.284089 69359 INFO  round trip 215 clock error 7 - test1.cpp:102
20160727 16:48:03.484271 69359 INFO  round trip 249 clock error 23 - test1.cpp:102
20160727 16:48:03.684359 69359 INFO  round trip 209 clock error -2 - test1.cpp:102
20160727 16:48:03.884929 69359 INFO  round trip 236 clock error 16 - test1.cpp:102
20160727 16:48:04.085873 69359 INFO  round trip 367 clock error 77 - test1.cpp:102
20160727 16:48:04.285837 69359 INFO  round trip 223 clock error 14 - test1.cpp:102
20160727 16:48:04.485999 69359 INFO  round trip 224 clock error 13 - test1.cpp:102
20160727 16:48:04.686178 69359 INFO  round trip 240 clock error 32 - test1.cpp:102
20160727 16:48:04.886532 69359 INFO  round trip 441 clock error -40 - test1.cpp:102
20160727 16:48:05.087617 69359 INFO  round trip 1277 clock error 360 - test1.cpp:102
20160727 16:48:05.286785 69359 INFO  round trip 221 clock error 13 - test1.cpp:102
20160727 16:48:05.486923 69359 INFO  round trip 219 clock error 12 - test1.cpp:102
20160727 16:48:05.687993 69359 INFO  round trip 218 clock error 11 - test1.cpp:102
20160727 16:48:05.889418 69359 INFO  round trip 1347 clock error 288 - test1.cpp:102
20160727 16:48:06.088474 69359 INFO  round trip 223 clock error 14 - test1.cpp:102
20160727 16:48:06.288526 69359 INFO  round trip 194 clock error 6 - test1.cpp:102
20160727 16:48:06.489129 69359 INFO  round trip 184 clock error 23 - test1.cpp:102
20160727 16:48:06.689901 69359 INFO  round trip 221 clock error 12 - test1.cpp:102
20160727 16:48:06.890044 69359 INFO  round trip 183 clock error 23 - test1.cpp:102
20160727 16:48:07.090429 69359 INFO  round trip 290 clock error 35 - test1.cpp:102
20160727 16:48:07.291291 69359 INFO  round trip 205 clock error 4 - test1.cpp:102
20160727 16:48:07.491483 69359 INFO  round trip 211 clock error 17 - test1.cpp:102
20160727 16:48:07.691658 69359 INFO  round trip 176 clock error 18 - test1.cpp:102
20160727 16:48:07.891884 69359 INFO  round trip 221 clock error 12 - test1.cpp:102
20160727 16:48:08.092020 69359 INFO  round trip 234 clock error 15 - test1.cpp:102
20160727 16:48:08.292178 69359 INFO  round trip 229 clock error 26 - test1.cpp:102
20160727 16:48:08.492199 69359 INFO  round trip 178 clock error 15 - test1.cpp:102
20160727 16:48:08.692437 69359 INFO  round trip 206 clock error 1 - test1.cpp:102
20160727 16:48:08.892517 69359 INFO  round trip 213 clock error 21 - test1.cpp:102
20160727 16:48:09.092683 69359 INFO  round trip 220 clock error 28 - test1.cpp:102
20160727 16:48:09.292822 69359 INFO  round trip 193 clock error 25 - test1.cpp:102
20160727 16:48:09.493720 69359 INFO  round trip 917 clock error 131 - test1.cpp:102
20160727 16:48:09.693237 69359 INFO  round trip 242 clock error 20 - test1.cpp:102
20160727 16:48:09.893361 69359 INFO  round trip 224 clock error 9 - test1.cpp:102
20160727 16:48:10.093592 69359 INFO  round trip 222 clock error 12 - test1.cpp:102
20160727 16:48:10.294129 69359 INFO  round trip 678 clock error 48 - test1.cpp:102
20160727 16:48:10.493956 69359 INFO  round trip 308 clock error 2 - test1.cpp:102
20160727 16:48:10.694075 69359 INFO  round trip 222 clock error 13 - test1.cpp:102
20160727 16:48:10.894229 69359 INFO  round trip 230 clock error 17 - test1.cpp:102
20160727 16:48:11.094391 69359 INFO  round trip 224 clock error 8 - test1.cpp:102
20160727 16:48:11.294585 69359 INFO  round trip 294 clock error 7 - test1.cpp:102
20160727 16:48:11.496095 69359 INFO  round trip 912 clock error 279 - test1.cpp:102
20160727 16:48:11.696075 69359 INFO  round trip 445 clock error -30 - test1.cpp:102
20160727 16:48:11.895905 69359 INFO  round trip 177 clock error 20 - test1.cpp:102
20160727 16:48:12.096047 69359 INFO  round trip 204 clock error 3 - test1.cpp:102
20160727 16:48:12.296300 69359 INFO  round trip 193 clock error 28 - test1.cpp:102
20160727 16:48:12.496551 69359 INFO  round trip 222 clock error 9 - test1.cpp:102
20160727 16:48:12.696750 69359 INFO  round trip 218 clock error 9 - test1.cpp:102
20160727 16:48:12.896849 69359 INFO  round trip 219 clock error 12 - test1.cpp:102
20160727 16:48:13.096939 69359 INFO  round trip 217 clock error 10 - test1.cpp:102
20160727 16:48:13.297127 69359 INFO  round trip 314 clock error 18 - test1.cpp:102
20160727 16:48:13.497250 69359 INFO  round trip 226 clock error 12 - test1.cpp:102
20160727 16:48:13.697862 69359 INFO  round trip 166 clock error 13 - test1.cpp:102
20160727 16:48:13.898652 69359 INFO  round trip 273 clock error 23 - test1.cpp:102
20160727 16:48:14.098778 69359 INFO  round trip 241 clock error 20 - test1.cpp:102
20160727 16:48:14.299177 69359 INFO  round trip 262 clock error 35 - test1.cpp:102
20160727 16:48:14.500095 69359 INFO  round trip 208 clock error 3 - test1.cpp:102
20160727 16:48:14.700445 69359 INFO  round trip 475 clock error -5 - test1.cpp:102
20160727 16:48:14.900354 69359 INFO  round trip 221 clock error 12 - test1.cpp:102
20160727 16:48:15.100556 69359 INFO  round trip 220 clock error 16 - test1.cpp:102
20160727 16:48:15.301166 69359 INFO  round trip 183 clock error 19 - test1.cpp:102
20160727 16:48:15.501918 69359 INFO  round trip 212 clock error 7 - test1.cpp:102
20160727 16:48:15.702054 69359 INFO  round trip 218 clock error 26 - test1.cpp:102
20160727 16:48:15.902293 69359 INFO  round trip 229 clock error 16 - test1.cpp:102
20160727 16:48:16.103700 69359 INFO  round trip 438 clock error 44 - test1.cpp:102
20160727 16:48:16.303610 69359 INFO  round trip 221 clock error 12 - test1.cpp:102
20160727 16:48:16.503808 69359 INFO  round trip 221 clock error 13 - test1.cpp:102
20160727 16:48:16.703951 69359 INFO  round trip 222 clock error 12 - test1.cpp:102
20160727 16:48:16.905028 69359 INFO  round trip 190 clock error -8 - test1.cpp:102
20160727 16:48:17.105309 69359 INFO  round trip 215 clock error 10 - test1.cpp:102
20160727 16:48:17.305430 69359 INFO  round trip 221 clock error 11 - test1.cpp:102
20160727 16:48:17.506809 69359 INFO  round trip 1443 clock error 374 - test1.cpp:102
20160727 16:48:17.705675 69359 INFO  round trip 219 clock error 12 - test1.cpp:102
20160727 16:48:17.905863 69359 INFO  round trip 223 clock error 13 - test1.cpp:102
20160727 16:48:18.105999 69359 INFO  round trip 220 clock error 11 - test1.cpp:102
20160727 16:48:18.307851 69359 INFO  round trip 1875 clock error 330 - test1.cpp:102
20160727 16:48:18.506383 69359 INFO  round trip 221 clock error 12 - test1.cpp:102
20160727 16:48:18.706564 69359 INFO  round trip 223 clock error 13 - test1.cpp:102
20160727 16:48:18.906847 69359 INFO  round trip 210 clock error 11 - test1.cpp:102
20160727 16:48:19.106933 69359 INFO  round trip 221 clock error 13 - test1.cpp:102
20160727 16:48:19.308189 69359 INFO  round trip 344 clock error 73 - test1.cpp:102
20160727 16:48:19.508212 69359 INFO  round trip 230 clock error 19 - test1.cpp:102
20160727 16:48:19.708292 69359 INFO  round trip 170 clock error 16 - test1.cpp:102
20160727 16:48:19.909711 69359 INFO  round trip 234 clock error 10 - test1.cpp:102
20160727 16:48:20.110582 69359 INFO  round trip 201 clock error 20 - test1.cpp:102
20160727 16:48:20.310715 69359 INFO  round trip 189 clock error 24 - test1.cpp:102
20160727 16:48:20.510897 69359 INFO  round trip 222 clock error 29 - test1.cpp:102
20160727 16:48:20.711283 69359 INFO  round trip 263 clock error 37 - test1.cpp:102
20160727 16:48:20.911509 69359 INFO  round trip 259 clock error 24 - test1.cpp:102
20160727 16:48:21.112467 69359 INFO  round trip 213 clock error 14 - test1.cpp:102
20160727 16:48:21.312607 69359 INFO  round trip 193 clock error 29 - test1.cpp:102
20160727 16:48:21.512843 69359 INFO  round trip 221 clock error 13 - test1.cpp:102
20160727 16:48:21.712990 69359 INFO  round trip 221 clock error 13 - test1.cpp:102
20160727 16:48:21.913128 69359 INFO  round trip 224 clock error 13 - test1.cpp:102
20160727 16:48:22.113178 69359 INFO  round trip 196 clock error 9 - test1.cpp:102
20160727 16:48:22.313469 69359 INFO  round trip 221 clock error 13 - test1.cpp:102
20160727 16:48:22.513601 69359 INFO  round trip 232 clock error 18 - test1.cpp:102
20160727 16:48:22.715776 69359 INFO  round trip 2174 clock error 254 - test1.cpp:102
20160727 16:48:22.913959 69359 INFO  round trip 239 clock error 20 - test1.cpp:102
20160727 16:48:23.114108 69359 INFO  round trip 237 clock error 17 - test1.cpp:102
20160727 16:48:23.314250 69359 INFO  round trip 244 clock error 19 - test1.cpp:102
20160727 16:48:23.514327 69359 INFO  round trip 243 clock error 20 - test1.cpp:102
20160727 16:48:23.714533 69359 INFO  round trip 237 clock error 17 - test1.cpp:102
20160727 16:48:23.914693 69359 INFO  round trip 243 clock error 21 - test1.cpp:102
20160727 16:48:24.114806 69359 INFO  round trip 227 clock error 17 - test1.cpp:102
20160727 16:48:24.314824 69359 INFO  round trip 181 clock error 21 - test1.cpp:102
20160727 16:48:24.515118 69359 INFO  round trip 225 clock error 14 - test1.cpp:102
20160727 16:48:24.716087 69359 INFO  round trip 999 clock error -346 - test1.cpp:102
20160727 16:48:24.916308 69359 INFO  round trip 174 clock error 10 - test1.cpp:102
20160727 16:48:25.116544 69359 INFO  round trip 253 clock error 50 - test1.cpp:102
20160727 16:48:25.316727 69359 INFO  round trip 220 clock error 12 - test1.cpp:102
20160727 16:48:25.516890 69359 INFO  round trip 223 clock error 52 - test1.cpp:102
20160727 16:48:25.716931 69359 INFO  round trip 187 clock error 13 - test1.cpp:102
20160727 16:48:25.917811 69359 INFO  round trip 822 clock error 329 - test1.cpp:102
20160727 16:48:26.117470 69359 INFO  round trip 214 clock error 9 - test1.cpp:102
20160727 16:48:26.317675 69359 INFO  round trip 225 clock error 14 - test1.cpp:102
20160727 16:48:26.517752 69359 INFO  round trip 204 clock error 2 - test1.cpp:102
20160727 16:48:26.717962 69359 INFO  round trip 235 clock error 20 - test1.cpp:102
20160727 16:48:26.918180 69359 INFO  round trip 229 clock error 28 - test1.cpp:102
20160727 16:48:27.118221 69359 INFO  round trip 191 clock error 23 - test1.cpp:102
20160727 16:48:27.319816 69359 INFO  round trip 193 clock error 9 - test1.cpp:102
20160727 16:48:27.520539 69359 INFO  round trip 217 clock error 24 - test1.cpp:102
20160727 16:48:27.720721 69359 INFO  round trip 229 clock error 13 - test1.cpp:102
20160727 16:48:27.920839 69359 INFO  round trip 232 clock error 18 - test1.cpp:102
20160727 16:48:28.121044 69359 INFO  round trip 259 clock error 29 - test1.cpp:102
20160727 16:48:28.322018 69359 INFO  round trip 716 clock error 172 - test1.cpp:102
20160727 16:48:28.523676 69359 INFO  round trip 1388 clock error 340 - test1.cpp:102
20160727 16:48:28.722576 69359 INFO  round trip 203 clock error 34 - test1.cpp:102
20160727 16:48:28.922765 69359 INFO  round trip 222 clock error 12 - test1.cpp:102
20160727 16:48:29.122866 69359 INFO  round trip 222 clock error 13 - test1.cpp:102
20160727 16:48:29.323058 69359 INFO  round trip 224 clock error 13 - test1.cpp:102
20160727 16:48:29.523194 69359 INFO  round trip 231 clock error 18 - test1.cpp:102
20160727 16:48:29.723293 69359 INFO  round trip 166 clock error 7 - test1.cpp:102
